Zaštitno kodiranje. Brojevni sustavi.
Derivirajmo R po W i izjednačimo s nulom:
Nakon kraćeg računa slijedi:
tj. slijedi:
Kako niti p niti W ne mogu biti 0, slijedi da je treći član jednak 0, pa imamo:
Odavde odmah slijedi i H uvrštavanjem u početnu supstituciju:
Uza zadane parametre slijedi: